{"/Users/indrakurniawan/Private/jest-component-testing/src/App.svelte": {"path":"/Users/indrakurniawan/Private/jest-component-testing/src/App.svelte","statementMap":{"0":{"start":{"line":2,"column":15},"end":{"line":2,"column":null}}},"fnMap":{},"branchMap":{},"s":{"0":1},"f":{},"b":{}}
,"/Users/indrakurniawan/Private/jest-component-testing/src/components/button.svelte": {"path":"/Users/indrakurniawan/Private/jest-component-testing/src/components/button.svelte","statementMap":{"0":{"start":{"line":2,"column":18},"end":{"line":2,"column":null}},"1":{"start":{"line":3,"column":15},"end":{"line":3,"column":null}},"2":{"start":{"line":28,"column":19},"end":{"line":28,"column":null}},"3":{"start":{"line":28,"column":8},"end":{"line":28,"column":19}},"4":{"start":{"line":28,"column":17},"end":{"line":28,"column":19}},"5":{"start":{"line":23,"column":9},"end":{"line":23,"column":null}},"6":{"start":{"line":24,"column":12},"end":{"line":24,"column":null}},"7":{"start":{"line":25,"column":12},"end":{"line":25,"column":null}},"8":{"start":{"line":17,"column":4},"end":{"line":17,"column":null}},"9":{"start":{"line":18,"column":4},"end":{"line":18,"column":null}},"10":{"start":{"line":11,"column":2},"end":{"line":11,"column":null}},"11":{"start":{"line":11,"column":3},"end":{"line":11,"column":null}},"12":{"start":{"line":12,"column":2},"end":{"line":12,"column":null}},"13":{"start":{"line":12,"column":3},"end":{"line":12,"column":null}},"14":{"start":{"line":13,"column":2},"end":{"line":13,"column":null}},"15":{"start":{"line":13,"column":3},"end":{"line":13,"column":null}}},"fnMap":{},"branchMap":{"0":{"loc":{"start":{"line":28,"column":19},"end":{"line":28,"column":null}},"type":"if","locations":[{"start":{"line":28,"column":19},"end":{"line":28,"column":null}},{"start":{"line":28,"column":19},"end":{"line":28,"column":null}}]},"1":{"loc":{"start":{"line":28,"column":8},"end":{"line":28,"column":19}},"type":"if","locations":[{"start":{"line":28,"column":8},"end":{"line":28,"column":19}},{"start":{"line":28,"column":8},"end":{"line":28,"column":19}}]},"2":{"loc":{"start":{"line":25,"column":12},"end":{"line":25,"column":null}},"type":"if","locations":[{"start":{"line":25,"column":12},"end":{"line":25,"column":null}},{"start":{"line":25,"column":12},"end":{"line":25,"column":null}}]},"3":{"loc":{"start":{"line":23,"column":9},"end":{"line":23,"column":14}},"type":"binary-expr","locations":[{"start":{"line":23,"column":9},"end":{"line":23,"column":14}},{"start":{"line":23,"column":9},"end":{"line":23,"column":null}}]},"4":{"loc":{"start":{"line":17,"column":33},"end":{"line":17,"column":43}},"type":"cond-expr","locations":[{"start":{"line":17,"column":33},"end":{"line":17,"column":43}},{"start":{"line":17,"column":46},"end":{"line":17,"column":48}}]},"5":{"loc":{"start":{"line":18,"column":40},"end":{"line":18,"column":49}},"type":"cond-expr","locations":[{"start":{"line":18,"column":40},"end":{"line":18,"column":49}},{"start":{"line":18,"column":52},"end":{"line":18,"column":64}}]},"6":{"loc":{"start":{"line":11,"column":47},"end":{"line":11,"column":51}},"type":"cond-expr","locations":[{"start":{"line":11,"column":47},"end":{"line":11,"column":51}},{"start":{"line":11,"column":54},"end":{"line":11,"column":64}}]},"7":{"loc":{"start":{"line":11,"column":15},"end":{"line":11,"column":27}},"type":"binary-expr","locations":[{"start":{"line":11,"column":15},"end":{"line":11,"column":27}},{"start":{"line":11,"column":31},"end":{"line":11,"column":44}}]}},"s":{"0":2,"1":2,"2":32,"3":27,"4":24,"5":9,"6":9,"7":5,"8":9,"9":9,"10":9,"11":9,"12":9,"13":9,"14":9,"15":9},"f":{},"b":{"0":[8,8],"1":[24,3],"2":[1,3],"3":[18,9],"4":[2,7],"5":[3,6],"6":[2,7],"7":[9,8]}}
}
